                                      1 ;--------------------------------------------------------
                                      2 ; File Created by SDCC : free open source ANSI-C Compiler
                                      3 ; Version 3.8.0 #10562 (Mac OS X x86_64)
                                      4 ;--------------------------------------------------------
                                      5 	.module main
                                      6 	.optsdcc -mmcs51 --model-small
                                      7 	
                                      8 ;--------------------------------------------------------
                                      9 ; Public variables in this module
                                     10 ;--------------------------------------------------------
                                     11 	.globl _main
                                     12 	.globl _InitSg
                                     13 	.globl _delay
                                     14 	.globl _InitTimer
                                     15 	.globl _CY
                                     16 	.globl _AC
                                     17 	.globl _F0
                                     18 	.globl _RS1
                                     19 	.globl _RS0
                                     20 	.globl _OV
                                     21 	.globl _F1
                                     22 	.globl _P
                                     23 	.globl _PS
                                     24 	.globl _PT1
                                     25 	.globl _PX1
                                     26 	.globl _PT0
                                     27 	.globl _PX0
                                     28 	.globl _RD
                                     29 	.globl _WR
                                     30 	.globl _T1
                                     31 	.globl _T0
                                     32 	.globl _INT1
                                     33 	.globl _INT0
                                     34 	.globl _TXD
                                     35 	.globl _RXD
                                     36 	.globl _P3_7
                                     37 	.globl _P3_6
                                     38 	.globl _P3_5
                                     39 	.globl _P3_4
                                     40 	.globl _P3_3
                                     41 	.globl _P3_2
                                     42 	.globl _P3_1
                                     43 	.globl _P3_0
                                     44 	.globl _EA
                                     45 	.globl _ES
                                     46 	.globl _ET1
                                     47 	.globl _EX1
                                     48 	.globl _ET0
                                     49 	.globl _EX0
                                     50 	.globl _P2_7
                                     51 	.globl _P2_6
                                     52 	.globl _P2_5
                                     53 	.globl _P2_4
                                     54 	.globl _P2_3
                                     55 	.globl _P2_2
                                     56 	.globl _P2_1
                                     57 	.globl _P2_0
                                     58 	.globl _SM0
                                     59 	.globl _SM1
                                     60 	.globl _SM2
                                     61 	.globl _REN
                                     62 	.globl _TB8
                                     63 	.globl _RB8
                                     64 	.globl _TI
                                     65 	.globl _RI
                                     66 	.globl _P1_7
                                     67 	.globl _P1_6
                                     68 	.globl _P1_5
                                     69 	.globl _P1_4
                                     70 	.globl _P1_3
                                     71 	.globl _P1_2
                                     72 	.globl _P1_1
                                     73 	.globl _P1_0
                                     74 	.globl _TF1
                                     75 	.globl _TR1
                                     76 	.globl _TF0
                                     77 	.globl _TR0
                                     78 	.globl _IE1
                                     79 	.globl _IT1
                                     80 	.globl _IE0
                                     81 	.globl _IT0
                                     82 	.globl _P0_7
                                     83 	.globl _P0_6
                                     84 	.globl _P0_5
                                     85 	.globl _P0_4
                                     86 	.globl _P0_3
                                     87 	.globl _P0_2
                                     88 	.globl _P0_1
                                     89 	.globl _P0_0
                                     90 	.globl _B
                                     91 	.globl _ACC
                                     92 	.globl _PSW
                                     93 	.globl _IP
                                     94 	.globl _P3
                                     95 	.globl _IE
                                     96 	.globl _P2
                                     97 	.globl _SBUF
                                     98 	.globl _SCON
                                     99 	.globl _P1
                                    100 	.globl _TH1
                                    101 	.globl _TH0
                                    102 	.globl _TL1
                                    103 	.globl _TL0
                                    104 	.globl _TMOD
                                    105 	.globl _TCON
                                    106 	.globl _PCON
                                    107 	.globl _DPH
                                    108 	.globl _DPL
                                    109 	.globl _SP
                                    110 	.globl _P0
                                    111 ;--------------------------------------------------------
                                    112 ; special function registers
                                    113 ;--------------------------------------------------------
                                    114 	.area RSEG    (ABS,DATA)
      000000                        115 	.org 0x0000
                           000080   116 _P0	=	0x0080
                           000081   117 _SP	=	0x0081
                           000082   118 _DPL	=	0x0082
                           000083   119 _DPH	=	0x0083
                           000087   120 _PCON	=	0x0087
                           000088   121 _TCON	=	0x0088
                           000089   122 _TMOD	=	0x0089
                           00008A   123 _TL0	=	0x008a
                           00008B   124 _TL1	=	0x008b
                           00008C   125 _TH0	=	0x008c
                           00008D   126 _TH1	=	0x008d
                           000090   127 _P1	=	0x0090
                           000098   128 _SCON	=	0x0098
                           000099   129 _SBUF	=	0x0099
                           0000A0   130 _P2	=	0x00a0
                           0000A8   131 _IE	=	0x00a8
                           0000B0   132 _P3	=	0x00b0
                           0000B8   133 _IP	=	0x00b8
                           0000D0   134 _PSW	=	0x00d0
                           0000E0   135 _ACC	=	0x00e0
                           0000F0   136 _B	=	0x00f0
                                    137 ;--------------------------------------------------------
                                    138 ; special function bits
                                    139 ;--------------------------------------------------------
                                    140 	.area RSEG    (ABS,DATA)
      000000                        141 	.org 0x0000
                           000080   142 _P0_0	=	0x0080
                           000081   143 _P0_1	=	0x0081
                           000082   144 _P0_2	=	0x0082
                           000083   145 _P0_3	=	0x0083
                           000084   146 _P0_4	=	0x0084
                           000085   147 _P0_5	=	0x0085
                           000086   148 _P0_6	=	0x0086
                           000087   149 _P0_7	=	0x0087
                           000088   150 _IT0	=	0x0088
                           000089   151 _IE0	=	0x0089
                           00008A   152 _IT1	=	0x008a
                           00008B   153 _IE1	=	0x008b
                           00008C   154 _TR0	=	0x008c
                           00008D   155 _TF0	=	0x008d
                           00008E   156 _TR1	=	0x008e
                           00008F   157 _TF1	=	0x008f
                           000090   158 _P1_0	=	0x0090
                           000091   159 _P1_1	=	0x0091
                           000092   160 _P1_2	=	0x0092
                           000093   161 _P1_3	=	0x0093
                           000094   162 _P1_4	=	0x0094
                           000095   163 _P1_5	=	0x0095
                           000096   164 _P1_6	=	0x0096
                           000097   165 _P1_7	=	0x0097
                           000098   166 _RI	=	0x0098
                           000099   167 _TI	=	0x0099
                           00009A   168 _RB8	=	0x009a
                           00009B   169 _TB8	=	0x009b
                           00009C   170 _REN	=	0x009c
                           00009D   171 _SM2	=	0x009d
                           00009E   172 _SM1	=	0x009e
                           00009F   173 _SM0	=	0x009f
                           0000A0   174 _P2_0	=	0x00a0
                           0000A1   175 _P2_1	=	0x00a1
                           0000A2   176 _P2_2	=	0x00a2
                           0000A3   177 _P2_3	=	0x00a3
                           0000A4   178 _P2_4	=	0x00a4
                           0000A5   179 _P2_5	=	0x00a5
                           0000A6   180 _P2_6	=	0x00a6
                           0000A7   181 _P2_7	=	0x00a7
                           0000A8   182 _EX0	=	0x00a8
                           0000A9   183 _ET0	=	0x00a9
                           0000AA   184 _EX1	=	0x00aa
                           0000AB   185 _ET1	=	0x00ab
                           0000AC   186 _ES	=	0x00ac
                           0000AF   187 _EA	=	0x00af
                           0000B0   188 _P3_0	=	0x00b0
                           0000B1   189 _P3_1	=	0x00b1
                           0000B2   190 _P3_2	=	0x00b2
                           0000B3   191 _P3_3	=	0x00b3
                           0000B4   192 _P3_4	=	0x00b4
                           0000B5   193 _P3_5	=	0x00b5
                           0000B6   194 _P3_6	=	0x00b6
                           0000B7   195 _P3_7	=	0x00b7
                           0000B0   196 _RXD	=	0x00b0
                           0000B1   197 _TXD	=	0x00b1
                           0000B2   198 _INT0	=	0x00b2
                           0000B3   199 _INT1	=	0x00b3
                           0000B4   200 _T0	=	0x00b4
                           0000B5   201 _T1	=	0x00b5
                           0000B6   202 _WR	=	0x00b6
                           0000B7   203 _RD	=	0x00b7
                           0000B8   204 _PX0	=	0x00b8
                           0000B9   205 _PT0	=	0x00b9
                           0000BA   206 _PX1	=	0x00ba
                           0000BB   207 _PT1	=	0x00bb
                           0000BC   208 _PS	=	0x00bc
                           0000D0   209 _P	=	0x00d0
                           0000D1   210 _F1	=	0x00d1
                           0000D2   211 _OV	=	0x00d2
                           0000D3   212 _RS0	=	0x00d3
                           0000D4   213 _RS1	=	0x00d4
                           0000D5   214 _F0	=	0x00d5
                           0000D6   215 _AC	=	0x00d6
                           0000D7   216 _CY	=	0x00d7
                                    217 ;--------------------------------------------------------
                                    218 ; overlayable register banks
                                    219 ;--------------------------------------------------------
                                    220 	.area REG_BANK_0	(REL,OVR,DATA)
      000000                        221 	.ds 8
                                    222 ;--------------------------------------------------------
                                    223 ; internal ram data
                                    224 ;--------------------------------------------------------
                                    225 	.area DSEG    (DATA)
                                    226 ;--------------------------------------------------------
                                    227 ; overlayable items in internal ram 
                                    228 ;--------------------------------------------------------
                                    229 	.area	OSEG    (OVR,DATA)
                                    230 ;--------------------------------------------------------
                                    231 ; Stack segment in internal ram 
                                    232 ;--------------------------------------------------------
                                    233 	.area	SSEG
      000000                        234 __start__stack:
      000000                        235 	.ds	1
                                    236 
                                    237 ;--------------------------------------------------------
                                    238 ; indirectly addressable internal ram data
                                    239 ;--------------------------------------------------------
                                    240 	.area ISEG    (DATA)
                                    241 ;--------------------------------------------------------
                                    242 ; absolute internal ram data
                                    243 ;--------------------------------------------------------
                                    244 	.area IABS    (ABS,DATA)
                                    245 	.area IABS    (ABS,DATA)
                                    246 ;--------------------------------------------------------
                                    247 ; bit data
                                    248 ;--------------------------------------------------------
                                    249 	.area BSEG    (BIT)
                                    250 ;--------------------------------------------------------
                                    251 ; paged external ram data
                                    252 ;--------------------------------------------------------
                                    253 	.area PSEG    (PAG,XDATA)
                                    254 ;--------------------------------------------------------
                                    255 ; external ram data
                                    256 ;--------------------------------------------------------
                                    257 	.area XSEG    (XDATA)
                                    258 ;--------------------------------------------------------
                                    259 ; absolute external ram data
                                    260 ;--------------------------------------------------------
                                    261 	.area XABS    (ABS,XDATA)
                                    262 ;--------------------------------------------------------
                                    263 ; external initialized ram data
                                    264 ;--------------------------------------------------------
                                    265 	.area XISEG   (XDATA)
                                    266 	.area HOME    (CODE)
                                    267 	.area GSINIT0 (CODE)
                                    268 	.area GSINIT1 (CODE)
                                    269 	.area GSINIT2 (CODE)
                                    270 	.area GSINIT3 (CODE)
                                    271 	.area GSINIT4 (CODE)
                                    272 	.area GSINIT5 (CODE)
                                    273 	.area GSINIT  (CODE)
                                    274 	.area GSFINAL (CODE)
                                    275 	.area CSEG    (CODE)
                                    276 ;--------------------------------------------------------
                                    277 ; interrupt vector 
                                    278 ;--------------------------------------------------------
                                    279 	.area HOME    (CODE)
      000000                        280 __interrupt_vect:
      000000 02r00r00         [24]  281 	ljmp	__sdcc_gsinit_startup
                                    282 ;--------------------------------------------------------
                                    283 ; global & static initialisations
                                    284 ;--------------------------------------------------------
                                    285 	.area HOME    (CODE)
                                    286 	.area GSINIT  (CODE)
                                    287 	.area GSFINAL (CODE)
                                    288 	.area GSINIT  (CODE)
                                    289 	.globl __sdcc_gsinit_startup
                                    290 	.globl __sdcc_program_startup
                                    291 	.globl __start__stack
                                    292 	.globl __mcs51_genXINIT
                                    293 	.globl __mcs51_genXRAMCLEAR
                                    294 	.globl __mcs51_genRAMCLEAR
                                    295 	.area GSFINAL (CODE)
      000000 02r00r03         [24]  296 	ljmp	__sdcc_program_startup
                                    297 ;--------------------------------------------------------
                                    298 ; Home
                                    299 ;--------------------------------------------------------
                                    300 	.area HOME    (CODE)
                                    301 	.area HOME    (CODE)
      000003                        302 __sdcc_program_startup:
      000003 02r00r2E         [24]  303 	ljmp	_main
                                    304 ;	return from main will return to caller
                                    305 ;--------------------------------------------------------
                                    306 ; code
                                    307 ;--------------------------------------------------------
                                    308 	.area CSEG    (CODE)
                                    309 ;------------------------------------------------------------
                                    310 ;Allocation info for local variables in function 'InitTimer'
                                    311 ;------------------------------------------------------------
                                    312 ;	main.c:4: void InitTimer(){
                                    313 ;	-----------------------------------------
                                    314 ;	 function InitTimer
                                    315 ;	-----------------------------------------
      000000                        316 _InitTimer:
                           000007   317 	ar7 = 0x07
                           000006   318 	ar6 = 0x06
                           000005   319 	ar5 = 0x05
                           000004   320 	ar4 = 0x04
                           000003   321 	ar3 = 0x03
                           000002   322 	ar2 = 0x02
                           000001   323 	ar1 = 0x01
                           000000   324 	ar0 = 0x00
                                    325 ;	main.c:5: TMOD=0x01;
      000000 75 89 01         [24]  326 	mov	_TMOD,#0x01
                                    327 ;	main.c:6: TF0=0;
                                    328 ;	assignBit
      000003 C2 8D            [12]  329 	clr	_TF0
                                    330 ;	main.c:7: TR0=0;
                                    331 ;	assignBit
      000005 C2 8C            [12]  332 	clr	_TR0
                                    333 ;	main.c:8: }
      000007 22               [24]  334 	ret
                                    335 ;------------------------------------------------------------
                                    336 ;Allocation info for local variables in function 'delay'
                                    337 ;------------------------------------------------------------
                                    338 ;duration                  Allocated to registers 
                                    339 ;------------------------------------------------------------
                                    340 ;	main.c:10: void delay(unsigned int duration){
                                    341 ;	-----------------------------------------
                                    342 ;	 function delay
                                    343 ;	-----------------------------------------
      000008                        344 _delay:
      000008 AE 82            [24]  345 	mov	r6,dpl
      00000A AF 83            [24]  346 	mov	r7,dph
                                    347 ;	main.c:11: while(duration--){
      00000C                        348 00104$:
      00000C 8E 04            [24]  349 	mov	ar4,r6
      00000E 8F 05            [24]  350 	mov	ar5,r7
      000010 1E               [12]  351 	dec	r6
      000011 BE FF 01         [24]  352 	cjne	r6,#0xff,00126$
      000014 1F               [12]  353 	dec	r7
      000015                        354 00126$:
      000015 EC               [12]  355 	mov	a,r4
      000016 4D               [12]  356 	orl	a,r5
      000017 60 11            [24]  357 	jz	00107$
                                    358 ;	main.c:12: TH0=0xff;
      000019 75 8C FF         [24]  359 	mov	_TH0,#0xff
                                    360 ;	main.c:13: TL0=0xa3;
      00001C 75 8A A3         [24]  361 	mov	_TL0,#0xa3
                                    362 ;	main.c:14: TR0=1;
                                    363 ;	assignBit
      00001F D2 8C            [12]  364 	setb	_TR0
                                    365 ;	main.c:15: while(TF0==0);
      000021                        366 00101$:
      000021 30 8D FD         [24]  367 	jnb	_TF0,00101$
                                    368 ;	main.c:16: TR0=0;
                                    369 ;	assignBit
      000024 C2 8C            [12]  370 	clr	_TR0
                                    371 ;	main.c:17: TF0=0;		
                                    372 ;	assignBit
      000026 C2 8D            [12]  373 	clr	_TF0
      000028 80 E2            [24]  374 	sjmp	00104$
      00002A                        375 00107$:
                                    376 ;	main.c:19: }
      00002A 22               [24]  377 	ret
                                    378 ;------------------------------------------------------------
                                    379 ;Allocation info for local variables in function 'InitSg'
                                    380 ;------------------------------------------------------------
                                    381 ;	main.c:21: void InitSg(){
                                    382 ;	-----------------------------------------
                                    383 ;	 function InitSg
                                    384 ;	-----------------------------------------
      00002B                        385 _InitSg:
                                    386 ;	main.c:22: SIN=0;
                                    387 ;	assignBit
      00002B C2 80            [12]  388 	clr	_P0_0
                                    389 ;	main.c:23: }
      00002D 22               [24]  390 	ret
                                    391 ;------------------------------------------------------------
                                    392 ;Allocation info for local variables in function 'main'
                                    393 ;------------------------------------------------------------
                                    394 ;t                         Allocated to registers r6 r7 
                                    395 ;------------------------------------------------------------
                                    396 ;	main.c:25: void main(){
                                    397 ;	-----------------------------------------
                                    398 ;	 function main
                                    399 ;	-----------------------------------------
      00002E                        400 _main:
                                    401 ;	main.c:26: unsigned int t=0;
      00002E 7E 00            [12]  402 	mov	r6,#0x00
      000030 7F 00            [12]  403 	mov	r7,#0x00
                                    404 ;	main.c:27: InitTimer();
      000032 C0 07            [24]  405 	push	ar7
      000034 C0 06            [24]  406 	push	ar6
      000036 12r00r00         [24]  407 	lcall	_InitTimer
                                    408 ;	main.c:28: InitSg();
      000039 12r00r2B         [24]  409 	lcall	_InitSg
      00003C D0 06            [24]  410 	pop	ar6
      00003E D0 07            [24]  411 	pop	ar7
                                    412 ;	main.c:29: while(1){
      000040                        413 00109$:
                                    414 ;	main.c:30: if(t<=100){
      000040 C3               [12]  415 	clr	c
      000041 74 64            [12]  416 	mov	a,#0x64
      000043 9E               [12]  417 	subb	a,r6
      000044 E4               [12]  418 	clr	a
      000045 9F               [12]  419 	subb	a,r7
      000046 40 1A            [24]  420 	jc	00106$
                                    421 ;	main.c:31: SIN=1;
                                    422 ;	assignBit
      000048 D2 80            [12]  423 	setb	_P0_0
                                    424 ;	main.c:32: delay(20);
      00004A 90 00 14         [24]  425 	mov	dptr,#0x0014
      00004D C0 07            [24]  426 	push	ar7
      00004F C0 06            [24]  427 	push	ar6
      000051 12r00r08         [24]  428 	lcall	_delay
                                    429 ;	main.c:33: SIN=0;
                                    430 ;	assignBit
      000054 C2 80            [12]  431 	clr	_P0_0
                                    432 ;	main.c:34: delay(180);
      000056 90 00 B4         [24]  433 	mov	dptr,#0x00b4
      000059 12r00r08         [24]  434 	lcall	_delay
      00005C D0 06            [24]  435 	pop	ar6
      00005E D0 07            [24]  436 	pop	ar7
      000060 80 2D            [24]  437 	sjmp	00107$
      000062                        438 00106$:
                                    439 ;	main.c:35: }else if(t<=200 && t>100){
      000062 C3               [12]  440 	clr	c
      000063 74 C8            [12]  441 	mov	a,#0xc8
      000065 9E               [12]  442 	subb	a,r6
      000066 E4               [12]  443 	clr	a
      000067 9F               [12]  444 	subb	a,r7
      000068 40 21            [24]  445 	jc	00102$
      00006A 74 64            [12]  446 	mov	a,#0x64
      00006C 9E               [12]  447 	subb	a,r6
      00006D E4               [12]  448 	clr	a
      00006E 9F               [12]  449 	subb	a,r7
      00006F 50 1A            [24]  450 	jnc	00102$
                                    451 ;	main.c:36: SIN=1;
                                    452 ;	assignBit
      000071 D2 80            [12]  453 	setb	_P0_0
                                    454 ;	main.c:37: delay(5);
      000073 90 00 05         [24]  455 	mov	dptr,#0x0005
      000076 C0 07            [24]  456 	push	ar7
      000078 C0 06            [24]  457 	push	ar6
      00007A 12r00r08         [24]  458 	lcall	_delay
                                    459 ;	main.c:38: SIN=0;
                                    460 ;	assignBit
      00007D C2 80            [12]  461 	clr	_P0_0
                                    462 ;	main.c:39: delay(195);
      00007F 90 00 C3         [24]  463 	mov	dptr,#0x00c3
      000082 12r00r08         [24]  464 	lcall	_delay
      000085 D0 06            [24]  465 	pop	ar6
      000087 D0 07            [24]  466 	pop	ar7
      000089 80 04            [24]  467 	sjmp	00107$
      00008B                        468 00102$:
                                    469 ;	main.c:41: t=0;
      00008B 7E 00            [12]  470 	mov	r6,#0x00
      00008D 7F 00            [12]  471 	mov	r7,#0x00
      00008F                        472 00107$:
                                    473 ;	main.c:42: t++;
      00008F 0E               [12]  474 	inc	r6
      000090 BE 00 AD         [24]  475 	cjne	r6,#0x00,00109$
      000093 0F               [12]  476 	inc	r7
                                    477 ;	main.c:44: }
      000094 80 AA            [24]  478 	sjmp	00109$
                                    479 	.area CSEG    (CODE)
                                    480 	.area CONST   (CODE)
                                    481 	.area XINIT   (CODE)
                                    482 	.area CABS    (ABS,CODE)
