                                      1 ;--------------------------------------------------------
                                      2 ; File Created by SDCC : free open source ANSI-C Compiler
                                      3 ; Version 3.8.0 #10562 (Mac OS X x86_64)
                                      4 ;--------------------------------------------------------
                                      5 	.module main
                                      6 	.optsdcc -mmcs51 --model-small
                                      7 	
                                      8 ;--------------------------------------------------------
                                      9 ; Public variables in this module
                                     10 ;--------------------------------------------------------
                                     11 	.globl _main
                                     12 	.globl _transform
                                     13 	.globl _delay
                                     14 	.globl _init595
                                     15 	.globl _CY
                                     16 	.globl _AC
                                     17 	.globl _F0
                                     18 	.globl _RS1
                                     19 	.globl _RS0
                                     20 	.globl _OV
                                     21 	.globl _F1
                                     22 	.globl _P
                                     23 	.globl _PS
                                     24 	.globl _PT1
                                     25 	.globl _PX1
                                     26 	.globl _PT0
                                     27 	.globl _PX0
                                     28 	.globl _RD
                                     29 	.globl _WR
                                     30 	.globl _T1
                                     31 	.globl _T0
                                     32 	.globl _INT1
                                     33 	.globl _INT0
                                     34 	.globl _TXD
                                     35 	.globl _RXD
                                     36 	.globl _P3_7
                                     37 	.globl _P3_6
                                     38 	.globl _P3_5
                                     39 	.globl _P3_4
                                     40 	.globl _P3_3
                                     41 	.globl _P3_2
                                     42 	.globl _P3_1
                                     43 	.globl _P3_0
                                     44 	.globl _EA
                                     45 	.globl _ES
                                     46 	.globl _ET1
                                     47 	.globl _EX1
                                     48 	.globl _ET0
                                     49 	.globl _EX0
                                     50 	.globl _P2_7
                                     51 	.globl _P2_6
                                     52 	.globl _P2_5
                                     53 	.globl _P2_4
                                     54 	.globl _P2_3
                                     55 	.globl _P2_2
                                     56 	.globl _P2_1
                                     57 	.globl _P2_0
                                     58 	.globl _SM0
                                     59 	.globl _SM1
                                     60 	.globl _SM2
                                     61 	.globl _REN
                                     62 	.globl _TB8
                                     63 	.globl _RB8
                                     64 	.globl _TI
                                     65 	.globl _RI
                                     66 	.globl _P1_7
                                     67 	.globl _P1_6
                                     68 	.globl _P1_5
                                     69 	.globl _P1_4
                                     70 	.globl _P1_3
                                     71 	.globl _P1_2
                                     72 	.globl _P1_1
                                     73 	.globl _P1_0
                                     74 	.globl _TF1
                                     75 	.globl _TR1
                                     76 	.globl _TF0
                                     77 	.globl _TR0
                                     78 	.globl _IE1
                                     79 	.globl _IT1
                                     80 	.globl _IE0
                                     81 	.globl _IT0
                                     82 	.globl _P0_7
                                     83 	.globl _P0_6
                                     84 	.globl _P0_5
                                     85 	.globl _P0_4
                                     86 	.globl _P0_3
                                     87 	.globl _P0_2
                                     88 	.globl _P0_1
                                     89 	.globl _P0_0
                                     90 	.globl _B
                                     91 	.globl _ACC
                                     92 	.globl _PSW
                                     93 	.globl _IP
                                     94 	.globl _P3
                                     95 	.globl _IE
                                     96 	.globl _P2
                                     97 	.globl _SBUF
                                     98 	.globl _SCON
                                     99 	.globl _P1
                                    100 	.globl _TH1
                                    101 	.globl _TH0
                                    102 	.globl _TL1
                                    103 	.globl _TL0
                                    104 	.globl _TMOD
                                    105 	.globl _TCON
                                    106 	.globl _PCON
                                    107 	.globl _DPH
                                    108 	.globl _DPL
                                    109 	.globl _SP
                                    110 	.globl _P0
                                    111 ;--------------------------------------------------------
                                    112 ; special function registers
                                    113 ;--------------------------------------------------------
                                    114 	.area RSEG    (ABS,DATA)
      000000                        115 	.org 0x0000
                           000080   116 _P0	=	0x0080
                           000081   117 _SP	=	0x0081
                           000082   118 _DPL	=	0x0082
                           000083   119 _DPH	=	0x0083
                           000087   120 _PCON	=	0x0087
                           000088   121 _TCON	=	0x0088
                           000089   122 _TMOD	=	0x0089
                           00008A   123 _TL0	=	0x008a
                           00008B   124 _TL1	=	0x008b
                           00008C   125 _TH0	=	0x008c
                           00008D   126 _TH1	=	0x008d
                           000090   127 _P1	=	0x0090
                           000098   128 _SCON	=	0x0098
                           000099   129 _SBUF	=	0x0099
                           0000A0   130 _P2	=	0x00a0
                           0000A8   131 _IE	=	0x00a8
                           0000B0   132 _P3	=	0x00b0
                           0000B8   133 _IP	=	0x00b8
                           0000D0   134 _PSW	=	0x00d0
                           0000E0   135 _ACC	=	0x00e0
                           0000F0   136 _B	=	0x00f0
                                    137 ;--------------------------------------------------------
                                    138 ; special function bits
                                    139 ;--------------------------------------------------------
                                    140 	.area RSEG    (ABS,DATA)
      000000                        141 	.org 0x0000
                           000080   142 _P0_0	=	0x0080
                           000081   143 _P0_1	=	0x0081
                           000082   144 _P0_2	=	0x0082
                           000083   145 _P0_3	=	0x0083
                           000084   146 _P0_4	=	0x0084
                           000085   147 _P0_5	=	0x0085
                           000086   148 _P0_6	=	0x0086
                           000087   149 _P0_7	=	0x0087
                           000088   150 _IT0	=	0x0088
                           000089   151 _IE0	=	0x0089
                           00008A   152 _IT1	=	0x008a
                           00008B   153 _IE1	=	0x008b
                           00008C   154 _TR0	=	0x008c
                           00008D   155 _TF0	=	0x008d
                           00008E   156 _TR1	=	0x008e
                           00008F   157 _TF1	=	0x008f
                           000090   158 _P1_0	=	0x0090
                           000091   159 _P1_1	=	0x0091
                           000092   160 _P1_2	=	0x0092
                           000093   161 _P1_3	=	0x0093
                           000094   162 _P1_4	=	0x0094
                           000095   163 _P1_5	=	0x0095
                           000096   164 _P1_6	=	0x0096
                           000097   165 _P1_7	=	0x0097
                           000098   166 _RI	=	0x0098
                           000099   167 _TI	=	0x0099
                           00009A   168 _RB8	=	0x009a
                           00009B   169 _TB8	=	0x009b
                           00009C   170 _REN	=	0x009c
                           00009D   171 _SM2	=	0x009d
                           00009E   172 _SM1	=	0x009e
                           00009F   173 _SM0	=	0x009f
                           0000A0   174 _P2_0	=	0x00a0
                           0000A1   175 _P2_1	=	0x00a1
                           0000A2   176 _P2_2	=	0x00a2
                           0000A3   177 _P2_3	=	0x00a3
                           0000A4   178 _P2_4	=	0x00a4
                           0000A5   179 _P2_5	=	0x00a5
                           0000A6   180 _P2_6	=	0x00a6
                           0000A7   181 _P2_7	=	0x00a7
                           0000A8   182 _EX0	=	0x00a8
                           0000A9   183 _ET0	=	0x00a9
                           0000AA   184 _EX1	=	0x00aa
                           0000AB   185 _ET1	=	0x00ab
                           0000AC   186 _ES	=	0x00ac
                           0000AF   187 _EA	=	0x00af
                           0000B0   188 _P3_0	=	0x00b0
                           0000B1   189 _P3_1	=	0x00b1
                           0000B2   190 _P3_2	=	0x00b2
                           0000B3   191 _P3_3	=	0x00b3
                           0000B4   192 _P3_4	=	0x00b4
                           0000B5   193 _P3_5	=	0x00b5
                           0000B6   194 _P3_6	=	0x00b6
                           0000B7   195 _P3_7	=	0x00b7
                           0000B0   196 _RXD	=	0x00b0
                           0000B1   197 _TXD	=	0x00b1
                           0000B2   198 _INT0	=	0x00b2
                           0000B3   199 _INT1	=	0x00b3
                           0000B4   200 _T0	=	0x00b4
                           0000B5   201 _T1	=	0x00b5
                           0000B6   202 _WR	=	0x00b6
                           0000B7   203 _RD	=	0x00b7
                           0000B8   204 _PX0	=	0x00b8
                           0000B9   205 _PT0	=	0x00b9
                           0000BA   206 _PX1	=	0x00ba
                           0000BB   207 _PT1	=	0x00bb
                           0000BC   208 _PS	=	0x00bc
                           0000D0   209 _P	=	0x00d0
                           0000D1   210 _F1	=	0x00d1
                           0000D2   211 _OV	=	0x00d2
                           0000D3   212 _RS0	=	0x00d3
                           0000D4   213 _RS1	=	0x00d4
                           0000D5   214 _F0	=	0x00d5
                           0000D6   215 _AC	=	0x00d6
                           0000D7   216 _CY	=	0x00d7
                                    217 ;--------------------------------------------------------
                                    218 ; overlayable register banks
                                    219 ;--------------------------------------------------------
                                    220 	.area REG_BANK_0	(REL,OVR,DATA)
      000000                        221 	.ds 8
                                    222 ;--------------------------------------------------------
                                    223 ; internal ram data
                                    224 ;--------------------------------------------------------
                                    225 	.area DSEG    (DATA)
                                    226 ;--------------------------------------------------------
                                    227 ; overlayable items in internal ram 
                                    228 ;--------------------------------------------------------
                                    229 	.area	OSEG    (OVR,DATA)
                                    230 ;--------------------------------------------------------
                                    231 ; Stack segment in internal ram 
                                    232 ;--------------------------------------------------------
                                    233 	.area	SSEG
      000000                        234 __start__stack:
      000000                        235 	.ds	1
                                    236 
                                    237 ;--------------------------------------------------------
                                    238 ; indirectly addressable internal ram data
                                    239 ;--------------------------------------------------------
                                    240 	.area ISEG    (DATA)
                                    241 ;--------------------------------------------------------
                                    242 ; absolute internal ram data
                                    243 ;--------------------------------------------------------
                                    244 	.area IABS    (ABS,DATA)
                                    245 	.area IABS    (ABS,DATA)
                                    246 ;--------------------------------------------------------
                                    247 ; bit data
                                    248 ;--------------------------------------------------------
                                    249 	.area BSEG    (BIT)
                                    250 ;--------------------------------------------------------
                                    251 ; paged external ram data
                                    252 ;--------------------------------------------------------
                                    253 	.area PSEG    (PAG,XDATA)
                                    254 ;--------------------------------------------------------
                                    255 ; external ram data
                                    256 ;--------------------------------------------------------
                                    257 	.area XSEG    (XDATA)
                                    258 ;--------------------------------------------------------
                                    259 ; absolute external ram data
                                    260 ;--------------------------------------------------------
                                    261 	.area XABS    (ABS,XDATA)
                                    262 ;--------------------------------------------------------
                                    263 ; external initialized ram data
                                    264 ;--------------------------------------------------------
                                    265 	.area XISEG   (XDATA)
                                    266 	.area HOME    (CODE)
                                    267 	.area GSINIT0 (CODE)
                                    268 	.area GSINIT1 (CODE)
                                    269 	.area GSINIT2 (CODE)
                                    270 	.area GSINIT3 (CODE)
                                    271 	.area GSINIT4 (CODE)
                                    272 	.area GSINIT5 (CODE)
                                    273 	.area GSINIT  (CODE)
                                    274 	.area GSFINAL (CODE)
                                    275 	.area CSEG    (CODE)
                                    276 ;--------------------------------------------------------
                                    277 ; interrupt vector 
                                    278 ;--------------------------------------------------------
                                    279 	.area HOME    (CODE)
      000000                        280 __interrupt_vect:
      000000 02r00r00         [24]  281 	ljmp	__sdcc_gsinit_startup
                                    282 ;--------------------------------------------------------
                                    283 ; global & static initialisations
                                    284 ;--------------------------------------------------------
                                    285 	.area HOME    (CODE)
                                    286 	.area GSINIT  (CODE)
                                    287 	.area GSFINAL (CODE)
                                    288 	.area GSINIT  (CODE)
                                    289 	.globl __sdcc_gsinit_startup
                                    290 	.globl __sdcc_program_startup
                                    291 	.globl __start__stack
                                    292 	.globl __mcs51_genXINIT
                                    293 	.globl __mcs51_genXRAMCLEAR
                                    294 	.globl __mcs51_genRAMCLEAR
                                    295 	.area GSFINAL (CODE)
      000000 02r00r03         [24]  296 	ljmp	__sdcc_program_startup
                                    297 ;--------------------------------------------------------
                                    298 ; Home
                                    299 ;--------------------------------------------------------
                                    300 	.area HOME    (CODE)
                                    301 	.area HOME    (CODE)
      000003                        302 __sdcc_program_startup:
      000003 02r00r65         [24]  303 	ljmp	_main
                                    304 ;	return from main will return to caller
                                    305 ;--------------------------------------------------------
                                    306 ; code
                                    307 ;--------------------------------------------------------
                                    308 	.area CSEG    (CODE)
                                    309 ;------------------------------------------------------------
                                    310 ;Allocation info for local variables in function 'init595'
                                    311 ;------------------------------------------------------------
                                    312 ;	main.c:6: void init595(){
                                    313 ;	-----------------------------------------
                                    314 ;	 function init595
                                    315 ;	-----------------------------------------
      000000                        316 _init595:
                           000007   317 	ar7 = 0x07
                           000006   318 	ar6 = 0x06
                           000005   319 	ar5 = 0x05
                           000004   320 	ar4 = 0x04
                           000003   321 	ar3 = 0x03
                           000002   322 	ar2 = 0x02
                           000001   323 	ar1 = 0x01
                           000000   324 	ar0 = 0x00
                                    325 ;	main.c:7: STCP=0;
                                    326 ;	assignBit
      000000 C2 A1            [12]  327 	clr	_P2_1
                                    328 ;	main.c:8: SHCP=0;
                                    329 ;	assignBit
      000002 C2 A2            [12]  330 	clr	_P2_2
                                    331 ;	main.c:9: }
      000004 22               [24]  332 	ret
                                    333 ;------------------------------------------------------------
                                    334 ;Allocation info for local variables in function 'delay'
                                    335 ;------------------------------------------------------------
                                    336 ;milli                     Allocated to registers 
                                    337 ;------------------------------------------------------------
                                    338 ;	main.c:11: void delay(int milli){while(milli--);}
                                    339 ;	-----------------------------------------
                                    340 ;	 function delay
                                    341 ;	-----------------------------------------
      000005                        342 _delay:
      000005 AE 82            [24]  343 	mov	r6,dpl
      000007 AF 83            [24]  344 	mov	r7,dph
      000009                        345 00101$:
      000009 8E 04            [24]  346 	mov	ar4,r6
      00000B 8F 05            [24]  347 	mov	ar5,r7
      00000D 1E               [12]  348 	dec	r6
      00000E BE FF 01         [24]  349 	cjne	r6,#0xff,00111$
      000011 1F               [12]  350 	dec	r7
      000012                        351 00111$:
      000012 EC               [12]  352 	mov	a,r4
      000013 4D               [12]  353 	orl	a,r5
      000014 70 F3            [24]  354 	jnz	00101$
      000016 22               [24]  355 	ret
                                    356 ;------------------------------------------------------------
                                    357 ;Allocation info for local variables in function 'transform'
                                    358 ;------------------------------------------------------------
                                    359 ;bits                      Allocated to registers r7 
                                    360 ;i                         Allocated to registers r5 r6 
                                    361 ;------------------------------------------------------------
                                    362 ;	main.c:13: void transform(char bits){
                                    363 ;	-----------------------------------------
                                    364 ;	 function transform
                                    365 ;	-----------------------------------------
      000017                        366 _transform:
      000017 AF 82            [24]  367 	mov	r7,dpl
                                    368 ;	main.c:15: for(i=0;i<8;i++){
      000019 7D 00            [12]  369 	mov	r5,#0x00
      00001B 7E 00            [12]  370 	mov	r6,#0x00
      00001D                        371 00102$:
                                    372 ;	main.c:16: DS = bits&0x01;		
      00001D EF               [12]  373 	mov	a,r7
      00001E 54 01            [12]  374 	anl	a,#0x01
      000020 24 FF            [12]  375 	add	a,#0xff
      000022 92 A2            [24]  376 	mov	_P2_2,c
                                    377 ;	main.c:17: bits>>=1;
      000024 EF               [12]  378 	mov	a,r7
      000025 C3               [12]  379 	clr	c
      000026 13               [12]  380 	rrc	a
      000027 FF               [12]  381 	mov	r7,a
                                    382 ;	main.c:18: delay(10);
      000028 90 00 0A         [24]  383 	mov	dptr,#0x000a
      00002B C0 07            [24]  384 	push	ar7
      00002D C0 06            [24]  385 	push	ar6
      00002F C0 05            [24]  386 	push	ar5
      000031 12r00r05         [24]  387 	lcall	_delay
                                    388 ;	main.c:19: SHCP=1;
                                    389 ;	assignBit
      000034 D2 A2            [12]  390 	setb	_P2_2
                                    391 ;	main.c:20: delay(10);
      000036 90 00 0A         [24]  392 	mov	dptr,#0x000a
      000039 12r00r05         [24]  393 	lcall	_delay
                                    394 ;	main.c:21: SHCP=0;
                                    395 ;	assignBit
      00003C C2 A2            [12]  396 	clr	_P2_2
                                    397 ;	main.c:22: delay(10);
      00003E 90 00 0A         [24]  398 	mov	dptr,#0x000a
      000041 12r00r05         [24]  399 	lcall	_delay
      000044 D0 05            [24]  400 	pop	ar5
      000046 D0 06            [24]  401 	pop	ar6
      000048 D0 07            [24]  402 	pop	ar7
                                    403 ;	main.c:15: for(i=0;i<8;i++){
      00004A 0D               [12]  404 	inc	r5
      00004B BD 00 01         [24]  405 	cjne	r5,#0x00,00115$
      00004E 0E               [12]  406 	inc	r6
      00004F                        407 00115$:
      00004F C3               [12]  408 	clr	c
      000050 ED               [12]  409 	mov	a,r5
      000051 94 08            [12]  410 	subb	a,#0x08
      000053 EE               [12]  411 	mov	a,r6
      000054 64 80            [12]  412 	xrl	a,#0x80
      000056 94 80            [12]  413 	subb	a,#0x80
      000058 40 C3            [24]  414 	jc	00102$
                                    415 ;	main.c:24: STCP=1;
                                    416 ;	assignBit
      00005A D2 A1            [12]  417 	setb	_P2_1
                                    418 ;	main.c:25: delay(10);
      00005C 90 00 0A         [24]  419 	mov	dptr,#0x000a
      00005F 12r00r05         [24]  420 	lcall	_delay
                                    421 ;	main.c:26: STCP=0;
                                    422 ;	assignBit
      000062 C2 A1            [12]  423 	clr	_P2_1
                                    424 ;	main.c:27: }
      000064 22               [24]  425 	ret
                                    426 ;------------------------------------------------------------
                                    427 ;Allocation info for local variables in function 'main'
                                    428 ;------------------------------------------------------------
                                    429 ;	main.c:29: void main(){
                                    430 ;	-----------------------------------------
                                    431 ;	 function main
                                    432 ;	-----------------------------------------
      000065                        433 _main:
                                    434 ;	main.c:30: init595();
      000065 12r00r00         [24]  435 	lcall	_init595
                                    436 ;	main.c:31: transform(0x02);
      000068 75 82 02         [24]  437 	mov	dpl,#0x02
      00006B 12r00r17         [24]  438 	lcall	_transform
                                    439 ;	main.c:32: while(1);	
      00006E                        440 00102$:
                                    441 ;	main.c:33: }
      00006E 80 FE            [24]  442 	sjmp	00102$
                                    443 	.area CSEG    (CODE)
                                    444 	.area CONST   (CODE)
                                    445 	.area XINIT   (CODE)
                                    446 	.area CABS    (ABS,CODE)
