                                      1 ;--------------------------------------------------------
                                      2 ; File Created by SDCC : free open source ANSI-C Compiler
                                      3 ; Version 3.8.0 #10562 (Mac OS X x86_64)
                                      4 ;--------------------------------------------------------
                                      5 	.module main
                                      6 	.optsdcc -mmcs51 --model-small
                                      7 	
                                      8 ;--------------------------------------------------------
                                      9 ; Public variables in this module
                                     10 ;--------------------------------------------------------
                                     11 	.globl _INT0_inter
                                     12 	.globl _main
                                     13 	.globl _initINT0
                                     14 	.globl _delay
                                     15 	.globl _CY
                                     16 	.globl _AC
                                     17 	.globl _F0
                                     18 	.globl _RS1
                                     19 	.globl _RS0
                                     20 	.globl _OV
                                     21 	.globl _F1
                                     22 	.globl _P
                                     23 	.globl _PS
                                     24 	.globl _PT1
                                     25 	.globl _PX1
                                     26 	.globl _PT0
                                     27 	.globl _PX0
                                     28 	.globl _RD
                                     29 	.globl _WR
                                     30 	.globl _T1
                                     31 	.globl _T0
                                     32 	.globl _INT1
                                     33 	.globl _INT0
                                     34 	.globl _TXD
                                     35 	.globl _RXD
                                     36 	.globl _P3_7
                                     37 	.globl _P3_6
                                     38 	.globl _P3_5
                                     39 	.globl _P3_4
                                     40 	.globl _P3_3
                                     41 	.globl _P3_2
                                     42 	.globl _P3_1
                                     43 	.globl _P3_0
                                     44 	.globl _EA
                                     45 	.globl _ES
                                     46 	.globl _ET1
                                     47 	.globl _EX1
                                     48 	.globl _ET0
                                     49 	.globl _EX0
                                     50 	.globl _P2_7
                                     51 	.globl _P2_6
                                     52 	.globl _P2_5
                                     53 	.globl _P2_4
                                     54 	.globl _P2_3
                                     55 	.globl _P2_2
                                     56 	.globl _P2_1
                                     57 	.globl _P2_0
                                     58 	.globl _SM0
                                     59 	.globl _SM1
                                     60 	.globl _SM2
                                     61 	.globl _REN
                                     62 	.globl _TB8
                                     63 	.globl _RB8
                                     64 	.globl _TI
                                     65 	.globl _RI
                                     66 	.globl _P1_7
                                     67 	.globl _P1_6
                                     68 	.globl _P1_5
                                     69 	.globl _P1_4
                                     70 	.globl _P1_3
                                     71 	.globl _P1_2
                                     72 	.globl _P1_1
                                     73 	.globl _P1_0
                                     74 	.globl _TF1
                                     75 	.globl _TR1
                                     76 	.globl _TF0
                                     77 	.globl _TR0
                                     78 	.globl _IE1
                                     79 	.globl _IT1
                                     80 	.globl _IE0
                                     81 	.globl _IT0
                                     82 	.globl _P0_7
                                     83 	.globl _P0_6
                                     84 	.globl _P0_5
                                     85 	.globl _P0_4
                                     86 	.globl _P0_3
                                     87 	.globl _P0_2
                                     88 	.globl _P0_1
                                     89 	.globl _P0_0
                                     90 	.globl _B
                                     91 	.globl _ACC
                                     92 	.globl _PSW
                                     93 	.globl _IP
                                     94 	.globl _P3
                                     95 	.globl _IE
                                     96 	.globl _P2
                                     97 	.globl _SBUF
                                     98 	.globl _SCON
                                     99 	.globl _P1
                                    100 	.globl _TH1
                                    101 	.globl _TH0
                                    102 	.globl _TL1
                                    103 	.globl _TL0
                                    104 	.globl _TMOD
                                    105 	.globl _TCON
                                    106 	.globl _PCON
                                    107 	.globl _DPH
                                    108 	.globl _DPL
                                    109 	.globl _SP
                                    110 	.globl _P0
                                    111 ;--------------------------------------------------------
                                    112 ; special function registers
                                    113 ;--------------------------------------------------------
                                    114 	.area RSEG    (ABS,DATA)
      000000                        115 	.org 0x0000
                           000080   116 _P0	=	0x0080
                           000081   117 _SP	=	0x0081
                           000082   118 _DPL	=	0x0082
                           000083   119 _DPH	=	0x0083
                           000087   120 _PCON	=	0x0087
                           000088   121 _TCON	=	0x0088
                           000089   122 _TMOD	=	0x0089
                           00008A   123 _TL0	=	0x008a
                           00008B   124 _TL1	=	0x008b
                           00008C   125 _TH0	=	0x008c
                           00008D   126 _TH1	=	0x008d
                           000090   127 _P1	=	0x0090
                           000098   128 _SCON	=	0x0098
                           000099   129 _SBUF	=	0x0099
                           0000A0   130 _P2	=	0x00a0
                           0000A8   131 _IE	=	0x00a8
                           0000B0   132 _P3	=	0x00b0
                           0000B8   133 _IP	=	0x00b8
                           0000D0   134 _PSW	=	0x00d0
                           0000E0   135 _ACC	=	0x00e0
                           0000F0   136 _B	=	0x00f0
                                    137 ;--------------------------------------------------------
                                    138 ; special function bits
                                    139 ;--------------------------------------------------------
                                    140 	.area RSEG    (ABS,DATA)
      000000                        141 	.org 0x0000
                           000080   142 _P0_0	=	0x0080
                           000081   143 _P0_1	=	0x0081
                           000082   144 _P0_2	=	0x0082
                           000083   145 _P0_3	=	0x0083
                           000084   146 _P0_4	=	0x0084
                           000085   147 _P0_5	=	0x0085
                           000086   148 _P0_6	=	0x0086
                           000087   149 _P0_7	=	0x0087
                           000088   150 _IT0	=	0x0088
                           000089   151 _IE0	=	0x0089
                           00008A   152 _IT1	=	0x008a
                           00008B   153 _IE1	=	0x008b
                           00008C   154 _TR0	=	0x008c
                           00008D   155 _TF0	=	0x008d
                           00008E   156 _TR1	=	0x008e
                           00008F   157 _TF1	=	0x008f
                           000090   158 _P1_0	=	0x0090
                           000091   159 _P1_1	=	0x0091
                           000092   160 _P1_2	=	0x0092
                           000093   161 _P1_3	=	0x0093
                           000094   162 _P1_4	=	0x0094
                           000095   163 _P1_5	=	0x0095
                           000096   164 _P1_6	=	0x0096
                           000097   165 _P1_7	=	0x0097
                           000098   166 _RI	=	0x0098
                           000099   167 _TI	=	0x0099
                           00009A   168 _RB8	=	0x009a
                           00009B   169 _TB8	=	0x009b
                           00009C   170 _REN	=	0x009c
                           00009D   171 _SM2	=	0x009d
                           00009E   172 _SM1	=	0x009e
                           00009F   173 _SM0	=	0x009f
                           0000A0   174 _P2_0	=	0x00a0
                           0000A1   175 _P2_1	=	0x00a1
                           0000A2   176 _P2_2	=	0x00a2
                           0000A3   177 _P2_3	=	0x00a3
                           0000A4   178 _P2_4	=	0x00a4
                           0000A5   179 _P2_5	=	0x00a5
                           0000A6   180 _P2_6	=	0x00a6
                           0000A7   181 _P2_7	=	0x00a7
                           0000A8   182 _EX0	=	0x00a8
                           0000A9   183 _ET0	=	0x00a9
                           0000AA   184 _EX1	=	0x00aa
                           0000AB   185 _ET1	=	0x00ab
                           0000AC   186 _ES	=	0x00ac
                           0000AF   187 _EA	=	0x00af
                           0000B0   188 _P3_0	=	0x00b0
                           0000B1   189 _P3_1	=	0x00b1
                           0000B2   190 _P3_2	=	0x00b2
                           0000B3   191 _P3_3	=	0x00b3
                           0000B4   192 _P3_4	=	0x00b4
                           0000B5   193 _P3_5	=	0x00b5
                           0000B6   194 _P3_6	=	0x00b6
                           0000B7   195 _P3_7	=	0x00b7
                           0000B0   196 _RXD	=	0x00b0
                           0000B1   197 _TXD	=	0x00b1
                           0000B2   198 _INT0	=	0x00b2
                           0000B3   199 _INT1	=	0x00b3
                           0000B4   200 _T0	=	0x00b4
                           0000B5   201 _T1	=	0x00b5
                           0000B6   202 _WR	=	0x00b6
                           0000B7   203 _RD	=	0x00b7
                           0000B8   204 _PX0	=	0x00b8
                           0000B9   205 _PT0	=	0x00b9
                           0000BA   206 _PX1	=	0x00ba
                           0000BB   207 _PT1	=	0x00bb
                           0000BC   208 _PS	=	0x00bc
                           0000D0   209 _P	=	0x00d0
                           0000D1   210 _F1	=	0x00d1
                           0000D2   211 _OV	=	0x00d2
                           0000D3   212 _RS0	=	0x00d3
                           0000D4   213 _RS1	=	0x00d4
                           0000D5   214 _F0	=	0x00d5
                           0000D6   215 _AC	=	0x00d6
                           0000D7   216 _CY	=	0x00d7
                                    217 ;--------------------------------------------------------
                                    218 ; overlayable register banks
                                    219 ;--------------------------------------------------------
                                    220 	.area REG_BANK_0	(REL,OVR,DATA)
      000000                        221 	.ds 8
                                    222 ;--------------------------------------------------------
                                    223 ; overlayable bit register bank
                                    224 ;--------------------------------------------------------
                                    225 	.area BIT_BANK	(REL,OVR,DATA)
      000000                        226 bits:
      000000                        227 	.ds 1
                           008000   228 	b0 = bits[0]
                           008100   229 	b1 = bits[1]
                           008200   230 	b2 = bits[2]
                           008300   231 	b3 = bits[3]
                           008400   232 	b4 = bits[4]
                           008500   233 	b5 = bits[5]
                           008600   234 	b6 = bits[6]
                           008700   235 	b7 = bits[7]
                                    236 ;--------------------------------------------------------
                                    237 ; internal ram data
                                    238 ;--------------------------------------------------------
                                    239 	.area DSEG    (DATA)
                                    240 ;--------------------------------------------------------
                                    241 ; overlayable items in internal ram 
                                    242 ;--------------------------------------------------------
                                    243 	.area	OSEG    (OVR,DATA)
                                    244 ;--------------------------------------------------------
                                    245 ; Stack segment in internal ram 
                                    246 ;--------------------------------------------------------
                                    247 	.area	SSEG
      000000                        248 __start__stack:
      000000                        249 	.ds	1
                                    250 
                                    251 ;--------------------------------------------------------
                                    252 ; indirectly addressable internal ram data
                                    253 ;--------------------------------------------------------
                                    254 	.area ISEG    (DATA)
                                    255 ;--------------------------------------------------------
                                    256 ; absolute internal ram data
                                    257 ;--------------------------------------------------------
                                    258 	.area IABS    (ABS,DATA)
                                    259 	.area IABS    (ABS,DATA)
                                    260 ;--------------------------------------------------------
                                    261 ; bit data
                                    262 ;--------------------------------------------------------
                                    263 	.area BSEG    (BIT)
                                    264 ;--------------------------------------------------------
                                    265 ; paged external ram data
                                    266 ;--------------------------------------------------------
                                    267 	.area PSEG    (PAG,XDATA)
                                    268 ;--------------------------------------------------------
                                    269 ; external ram data
                                    270 ;--------------------------------------------------------
                                    271 	.area XSEG    (XDATA)
                                    272 ;--------------------------------------------------------
                                    273 ; absolute external ram data
                                    274 ;--------------------------------------------------------
                                    275 	.area XABS    (ABS,XDATA)
                                    276 ;--------------------------------------------------------
                                    277 ; external initialized ram data
                                    278 ;--------------------------------------------------------
                                    279 	.area XISEG   (XDATA)
                                    280 	.area HOME    (CODE)
                                    281 	.area GSINIT0 (CODE)
                                    282 	.area GSINIT1 (CODE)
                                    283 	.area GSINIT2 (CODE)
                                    284 	.area GSINIT3 (CODE)
                                    285 	.area GSINIT4 (CODE)
                                    286 	.area GSINIT5 (CODE)
                                    287 	.area GSINIT  (CODE)
                                    288 	.area GSFINAL (CODE)
                                    289 	.area CSEG    (CODE)
                                    290 ;--------------------------------------------------------
                                    291 ; interrupt vector 
                                    292 ;--------------------------------------------------------
                                    293 	.area HOME    (CODE)
      000000                        294 __interrupt_vect:
      000000 02r00r00         [24]  295 	ljmp	__sdcc_gsinit_startup
      000003 02r00r28         [24]  296 	ljmp	_INT0_inter
                                    297 ;--------------------------------------------------------
                                    298 ; global & static initialisations
                                    299 ;--------------------------------------------------------
                                    300 	.area HOME    (CODE)
                                    301 	.area GSINIT  (CODE)
                                    302 	.area GSFINAL (CODE)
                                    303 	.area GSINIT  (CODE)
                                    304 	.globl __sdcc_gsinit_startup
                                    305 	.globl __sdcc_program_startup
                                    306 	.globl __start__stack
                                    307 	.globl __mcs51_genXINIT
                                    308 	.globl __mcs51_genXRAMCLEAR
                                    309 	.globl __mcs51_genRAMCLEAR
                                    310 	.area GSFINAL (CODE)
      000000 02r00r06         [24]  311 	ljmp	__sdcc_program_startup
                                    312 ;--------------------------------------------------------
                                    313 ; Home
                                    314 ;--------------------------------------------------------
                                    315 	.area HOME    (CODE)
                                    316 	.area HOME    (CODE)
      000006                        317 __sdcc_program_startup:
      000006 02r00r19         [24]  318 	ljmp	_main
                                    319 ;	return from main will return to caller
                                    320 ;--------------------------------------------------------
                                    321 ; code
                                    322 ;--------------------------------------------------------
                                    323 	.area CSEG    (CODE)
                                    324 ;------------------------------------------------------------
                                    325 ;Allocation info for local variables in function 'delay'
                                    326 ;------------------------------------------------------------
                                    327 ;sec                       Allocated to registers 
                                    328 ;------------------------------------------------------------
                                    329 ;	main.c:8: void delay(int sec){
                                    330 ;	-----------------------------------------
                                    331 ;	 function delay
                                    332 ;	-----------------------------------------
      000000                        333 _delay:
                           000007   334 	ar7 = 0x07
                           000006   335 	ar6 = 0x06
                           000005   336 	ar5 = 0x05
                           000004   337 	ar4 = 0x04
                           000003   338 	ar3 = 0x03
                           000002   339 	ar2 = 0x02
                           000001   340 	ar1 = 0x01
                           000000   341 	ar0 = 0x00
      000000 AE 82            [24]  342 	mov	r6,dpl
      000002 AF 83            [24]  343 	mov	r7,dph
                                    344 ;	main.c:9: while(sec--);
      000004                        345 00101$:
      000004 8E 04            [24]  346 	mov	ar4,r6
      000006 8F 05            [24]  347 	mov	ar5,r7
      000008 1E               [12]  348 	dec	r6
      000009 BE FF 01         [24]  349 	cjne	r6,#0xff,00111$
      00000C 1F               [12]  350 	dec	r7
      00000D                        351 00111$:
      00000D EC               [12]  352 	mov	a,r4
      00000E 4D               [12]  353 	orl	a,r5
      00000F 70 F3            [24]  354 	jnz	00101$
                                    355 ;	main.c:10: }
      000011 22               [24]  356 	ret
                                    357 ;------------------------------------------------------------
                                    358 ;Allocation info for local variables in function 'initINT0'
                                    359 ;------------------------------------------------------------
                                    360 ;	main.c:12: void initINT0(){
                                    361 ;	-----------------------------------------
                                    362 ;	 function initINT0
                                    363 ;	-----------------------------------------
      000012                        364 _initINT0:
                                    365 ;	main.c:14: IT0=1;
                                    366 ;	assignBit
      000012 D2 88            [12]  367 	setb	_IT0
                                    368 ;	main.c:17: EX0=1;
                                    369 ;	assignBit
      000014 D2 A8            [12]  370 	setb	_EX0
                                    371 ;	main.c:18: EA=1;
                                    372 ;	assignBit
      000016 D2 AF            [12]  373 	setb	_EA
                                    374 ;	main.c:19: }
      000018 22               [24]  375 	ret
                                    376 ;------------------------------------------------------------
                                    377 ;Allocation info for local variables in function 'main'
                                    378 ;------------------------------------------------------------
                                    379 ;	main.c:21: void main(){
                                    380 ;	-----------------------------------------
                                    381 ;	 function main
                                    382 ;	-----------------------------------------
      000019                        383 _main:
                                    384 ;	main.c:22: P0_0=1;
                                    385 ;	assignBit
      000019 D2 80            [12]  386 	setb	_P0_0
                                    387 ;	main.c:23: initINT0();
      00001B 12r00r12         [24]  388 	lcall	_initINT0
                                    389 ;	main.c:24: while(1){
      00001E                        390 00102$:
                                    391 ;	main.c:25: delay(5000);
      00001E 90 13 88         [24]  392 	mov	dptr,#0x1388
      000021 12r00r00         [24]  393 	lcall	_delay
                                    394 ;	main.c:26: P0_0=!P0_0;
      000024 B2 80            [12]  395 	cpl	_P0_0
                                    396 ;	main.c:28: }
      000026 80 F6            [24]  397 	sjmp	00102$
                                    398 ;------------------------------------------------------------
                                    399 ;Allocation info for local variables in function 'INT0_inter'
                                    400 ;------------------------------------------------------------
                                    401 ;	main.c:30: void INT0_inter() __interrupt 0{
                                    402 ;	-----------------------------------------
                                    403 ;	 function INT0_inter
                                    404 ;	-----------------------------------------
      000028                        405 _INT0_inter:
      000028 C0*00            [24]  406 	push	bits
      00002A C0 E0            [24]  407 	push	acc
      00002C C0 F0            [24]  408 	push	b
      00002E C0 82            [24]  409 	push	dpl
      000030 C0 83            [24]  410 	push	dph
      000032 C0 07            [24]  411 	push	(0+7)
      000034 C0 06            [24]  412 	push	(0+6)
      000036 C0 05            [24]  413 	push	(0+5)
      000038 C0 04            [24]  414 	push	(0+4)
      00003A C0 03            [24]  415 	push	(0+3)
      00003C C0 02            [24]  416 	push	(0+2)
      00003E C0 01            [24]  417 	push	(0+1)
      000040 C0 00            [24]  418 	push	(0+0)
      000042 C0 D0            [24]  419 	push	psw
      000044 75 D0 00         [24]  420 	mov	psw,#0x00
                                    421 ;	main.c:31: delay(30000);
      000047 90 75 30         [24]  422 	mov	dptr,#0x7530
      00004A 12r00r00         [24]  423 	lcall	_delay
                                    424 ;	main.c:32: P2_0=!P2_0;
      00004D B2 A0            [12]  425 	cpl	_P2_0
                                    426 ;	main.c:33: }
      00004F D0 D0            [24]  427 	pop	psw
      000051 D0 00            [24]  428 	pop	(0+0)
      000053 D0 01            [24]  429 	pop	(0+1)
      000055 D0 02            [24]  430 	pop	(0+2)
      000057 D0 03            [24]  431 	pop	(0+3)
      000059 D0 04            [24]  432 	pop	(0+4)
      00005B D0 05            [24]  433 	pop	(0+5)
      00005D D0 06            [24]  434 	pop	(0+6)
      00005F D0 07            [24]  435 	pop	(0+7)
      000061 D0 83            [24]  436 	pop	dph
      000063 D0 82            [24]  437 	pop	dpl
      000065 D0 F0            [24]  438 	pop	b
      000067 D0 E0            [24]  439 	pop	acc
      000069 D0*00            [24]  440 	pop	bits
      00006B 32               [24]  441 	reti
                                    442 	.area CSEG    (CODE)
                                    443 	.area CONST   (CODE)
                                    444 	.area XINIT   (CODE)
                                    445 	.area CABS    (ABS,CODE)
