                                      1 ;--------------------------------------------------------
                                      2 ; File Created by SDCC : free open source ANSI-C Compiler
                                      3 ; Version 3.8.0 #10562 (Mac OS X x86_64)
                                      4 ;--------------------------------------------------------
                                      5 	.module main
                                      6 	.optsdcc -mmcs51 --model-small
                                      7 	
                                      8 ;--------------------------------------------------------
                                      9 ; Public variables in this module
                                     10 ;--------------------------------------------------------
                                     11 	.globl _main
                                     12 	.globl _down
                                     13 	.globl _delay
                                     14 	.globl _CY
                                     15 	.globl _AC
                                     16 	.globl _F0
                                     17 	.globl _RS1
                                     18 	.globl _RS0
                                     19 	.globl _OV
                                     20 	.globl _F1
                                     21 	.globl _P
                                     22 	.globl _PS
                                     23 	.globl _PT1
                                     24 	.globl _PX1
                                     25 	.globl _PT0
                                     26 	.globl _PX0
                                     27 	.globl _RD
                                     28 	.globl _WR
                                     29 	.globl _T1
                                     30 	.globl _T0
                                     31 	.globl _INT1
                                     32 	.globl _INT0
                                     33 	.globl _TXD
                                     34 	.globl _RXD
                                     35 	.globl _P3_7
                                     36 	.globl _P3_6
                                     37 	.globl _P3_5
                                     38 	.globl _P3_4
                                     39 	.globl _P3_3
                                     40 	.globl _P3_2
                                     41 	.globl _P3_1
                                     42 	.globl _P3_0
                                     43 	.globl _EA
                                     44 	.globl _ES
                                     45 	.globl _ET1
                                     46 	.globl _EX1
                                     47 	.globl _ET0
                                     48 	.globl _EX0
                                     49 	.globl _P2_7
                                     50 	.globl _P2_6
                                     51 	.globl _P2_5
                                     52 	.globl _P2_4
                                     53 	.globl _P2_3
                                     54 	.globl _P2_2
                                     55 	.globl _P2_1
                                     56 	.globl _P2_0
                                     57 	.globl _SM0
                                     58 	.globl _SM1
                                     59 	.globl _SM2
                                     60 	.globl _REN
                                     61 	.globl _TB8
                                     62 	.globl _RB8
                                     63 	.globl _TI
                                     64 	.globl _RI
                                     65 	.globl _P1_7
                                     66 	.globl _P1_6
                                     67 	.globl _P1_5
                                     68 	.globl _P1_4
                                     69 	.globl _P1_3
                                     70 	.globl _P1_2
                                     71 	.globl _P1_1
                                     72 	.globl _P1_0
                                     73 	.globl _TF1
                                     74 	.globl _TR1
                                     75 	.globl _TF0
                                     76 	.globl _TR0
                                     77 	.globl _IE1
                                     78 	.globl _IT1
                                     79 	.globl _IE0
                                     80 	.globl _IT0
                                     81 	.globl _P0_7
                                     82 	.globl _P0_6
                                     83 	.globl _P0_5
                                     84 	.globl _P0_4
                                     85 	.globl _P0_3
                                     86 	.globl _P0_2
                                     87 	.globl _P0_1
                                     88 	.globl _P0_0
                                     89 	.globl _B
                                     90 	.globl _ACC
                                     91 	.globl _PSW
                                     92 	.globl _IP
                                     93 	.globl _P3
                                     94 	.globl _IE
                                     95 	.globl _P2
                                     96 	.globl _SBUF
                                     97 	.globl _SCON
                                     98 	.globl _P1
                                     99 	.globl _TH1
                                    100 	.globl _TH0
                                    101 	.globl _TL1
                                    102 	.globl _TL0
                                    103 	.globl _TMOD
                                    104 	.globl _TCON
                                    105 	.globl _PCON
                                    106 	.globl _DPH
                                    107 	.globl _DPL
                                    108 	.globl _SP
                                    109 	.globl _P0
                                    110 ;--------------------------------------------------------
                                    111 ; special function registers
                                    112 ;--------------------------------------------------------
                                    113 	.area RSEG    (ABS,DATA)
      000000                        114 	.org 0x0000
                           000080   115 _P0	=	0x0080
                           000081   116 _SP	=	0x0081
                           000082   117 _DPL	=	0x0082
                           000083   118 _DPH	=	0x0083
                           000087   119 _PCON	=	0x0087
                           000088   120 _TCON	=	0x0088
                           000089   121 _TMOD	=	0x0089
                           00008A   122 _TL0	=	0x008a
                           00008B   123 _TL1	=	0x008b
                           00008C   124 _TH0	=	0x008c
                           00008D   125 _TH1	=	0x008d
                           000090   126 _P1	=	0x0090
                           000098   127 _SCON	=	0x0098
                           000099   128 _SBUF	=	0x0099
                           0000A0   129 _P2	=	0x00a0
                           0000A8   130 _IE	=	0x00a8
                           0000B0   131 _P3	=	0x00b0
                           0000B8   132 _IP	=	0x00b8
                           0000D0   133 _PSW	=	0x00d0
                           0000E0   134 _ACC	=	0x00e0
                           0000F0   135 _B	=	0x00f0
                                    136 ;--------------------------------------------------------
                                    137 ; special function bits
                                    138 ;--------------------------------------------------------
                                    139 	.area RSEG    (ABS,DATA)
      000000                        140 	.org 0x0000
                           000080   141 _P0_0	=	0x0080
                           000081   142 _P0_1	=	0x0081
                           000082   143 _P0_2	=	0x0082
                           000083   144 _P0_3	=	0x0083
                           000084   145 _P0_4	=	0x0084
                           000085   146 _P0_5	=	0x0085
                           000086   147 _P0_6	=	0x0086
                           000087   148 _P0_7	=	0x0087
                           000088   149 _IT0	=	0x0088
                           000089   150 _IE0	=	0x0089
                           00008A   151 _IT1	=	0x008a
                           00008B   152 _IE1	=	0x008b
                           00008C   153 _TR0	=	0x008c
                           00008D   154 _TF0	=	0x008d
                           00008E   155 _TR1	=	0x008e
                           00008F   156 _TF1	=	0x008f
                           000090   157 _P1_0	=	0x0090
                           000091   158 _P1_1	=	0x0091
                           000092   159 _P1_2	=	0x0092
                           000093   160 _P1_3	=	0x0093
                           000094   161 _P1_4	=	0x0094
                           000095   162 _P1_5	=	0x0095
                           000096   163 _P1_6	=	0x0096
                           000097   164 _P1_7	=	0x0097
                           000098   165 _RI	=	0x0098
                           000099   166 _TI	=	0x0099
                           00009A   167 _RB8	=	0x009a
                           00009B   168 _TB8	=	0x009b
                           00009C   169 _REN	=	0x009c
                           00009D   170 _SM2	=	0x009d
                           00009E   171 _SM1	=	0x009e
                           00009F   172 _SM0	=	0x009f
                           0000A0   173 _P2_0	=	0x00a0
                           0000A1   174 _P2_1	=	0x00a1
                           0000A2   175 _P2_2	=	0x00a2
                           0000A3   176 _P2_3	=	0x00a3
                           0000A4   177 _P2_4	=	0x00a4
                           0000A5   178 _P2_5	=	0x00a5
                           0000A6   179 _P2_6	=	0x00a6
                           0000A7   180 _P2_7	=	0x00a7
                           0000A8   181 _EX0	=	0x00a8
                           0000A9   182 _ET0	=	0x00a9
                           0000AA   183 _EX1	=	0x00aa
                           0000AB   184 _ET1	=	0x00ab
                           0000AC   185 _ES	=	0x00ac
                           0000AF   186 _EA	=	0x00af
                           0000B0   187 _P3_0	=	0x00b0
                           0000B1   188 _P3_1	=	0x00b1
                           0000B2   189 _P3_2	=	0x00b2
                           0000B3   190 _P3_3	=	0x00b3
                           0000B4   191 _P3_4	=	0x00b4
                           0000B5   192 _P3_5	=	0x00b5
                           0000B6   193 _P3_6	=	0x00b6
                           0000B7   194 _P3_7	=	0x00b7
                           0000B0   195 _RXD	=	0x00b0
                           0000B1   196 _TXD	=	0x00b1
                           0000B2   197 _INT0	=	0x00b2
                           0000B3   198 _INT1	=	0x00b3
                           0000B4   199 _T0	=	0x00b4
                           0000B5   200 _T1	=	0x00b5
                           0000B6   201 _WR	=	0x00b6
                           0000B7   202 _RD	=	0x00b7
                           0000B8   203 _PX0	=	0x00b8
                           0000B9   204 _PT0	=	0x00b9
                           0000BA   205 _PX1	=	0x00ba
                           0000BB   206 _PT1	=	0x00bb
                           0000BC   207 _PS	=	0x00bc
                           0000D0   208 _P	=	0x00d0
                           0000D1   209 _F1	=	0x00d1
                           0000D2   210 _OV	=	0x00d2
                           0000D3   211 _RS0	=	0x00d3
                           0000D4   212 _RS1	=	0x00d4
                           0000D5   213 _F0	=	0x00d5
                           0000D6   214 _AC	=	0x00d6
                           0000D7   215 _CY	=	0x00d7
                                    216 ;--------------------------------------------------------
                                    217 ; overlayable register banks
                                    218 ;--------------------------------------------------------
                                    219 	.area REG_BANK_0	(REL,OVR,DATA)
      000000                        220 	.ds 8
                                    221 ;--------------------------------------------------------
                                    222 ; internal ram data
                                    223 ;--------------------------------------------------------
                                    224 	.area DSEG    (DATA)
                                    225 ;--------------------------------------------------------
                                    226 ; overlayable items in internal ram 
                                    227 ;--------------------------------------------------------
                                    228 	.area	OSEG    (OVR,DATA)
                                    229 ;--------------------------------------------------------
                                    230 ; Stack segment in internal ram 
                                    231 ;--------------------------------------------------------
                                    232 	.area	SSEG
      000000                        233 __start__stack:
      000000                        234 	.ds	1
                                    235 
                                    236 ;--------------------------------------------------------
                                    237 ; indirectly addressable internal ram data
                                    238 ;--------------------------------------------------------
                                    239 	.area ISEG    (DATA)
                                    240 ;--------------------------------------------------------
                                    241 ; absolute internal ram data
                                    242 ;--------------------------------------------------------
                                    243 	.area IABS    (ABS,DATA)
                                    244 	.area IABS    (ABS,DATA)
                                    245 ;--------------------------------------------------------
                                    246 ; bit data
                                    247 ;--------------------------------------------------------
                                    248 	.area BSEG    (BIT)
                                    249 ;--------------------------------------------------------
                                    250 ; paged external ram data
                                    251 ;--------------------------------------------------------
                                    252 	.area PSEG    (PAG,XDATA)
                                    253 ;--------------------------------------------------------
                                    254 ; external ram data
                                    255 ;--------------------------------------------------------
                                    256 	.area XSEG    (XDATA)
                                    257 ;--------------------------------------------------------
                                    258 ; absolute external ram data
                                    259 ;--------------------------------------------------------
                                    260 	.area XABS    (ABS,XDATA)
                                    261 ;--------------------------------------------------------
                                    262 ; external initialized ram data
                                    263 ;--------------------------------------------------------
                                    264 	.area XISEG   (XDATA)
                                    265 	.area HOME    (CODE)
                                    266 	.area GSINIT0 (CODE)
                                    267 	.area GSINIT1 (CODE)
                                    268 	.area GSINIT2 (CODE)
                                    269 	.area GSINIT3 (CODE)
                                    270 	.area GSINIT4 (CODE)
                                    271 	.area GSINIT5 (CODE)
                                    272 	.area GSINIT  (CODE)
                                    273 	.area GSFINAL (CODE)
                                    274 	.area CSEG    (CODE)
                                    275 ;--------------------------------------------------------
                                    276 ; interrupt vector 
                                    277 ;--------------------------------------------------------
                                    278 	.area HOME    (CODE)
      000000                        279 __interrupt_vect:
      000000 02r00r00         [24]  280 	ljmp	__sdcc_gsinit_startup
                                    281 ;--------------------------------------------------------
                                    282 ; global & static initialisations
                                    283 ;--------------------------------------------------------
                                    284 	.area HOME    (CODE)
                                    285 	.area GSINIT  (CODE)
                                    286 	.area GSFINAL (CODE)
                                    287 	.area GSINIT  (CODE)
                                    288 	.globl __sdcc_gsinit_startup
                                    289 	.globl __sdcc_program_startup
                                    290 	.globl __start__stack
                                    291 	.globl __mcs51_genXINIT
                                    292 	.globl __mcs51_genXRAMCLEAR
                                    293 	.globl __mcs51_genRAMCLEAR
                                    294 	.area GSFINAL (CODE)
      000000 02r00r03         [24]  295 	ljmp	__sdcc_program_startup
                                    296 ;--------------------------------------------------------
                                    297 ; Home
                                    298 ;--------------------------------------------------------
                                    299 	.area HOME    (CODE)
                                    300 	.area HOME    (CODE)
      000003                        301 __sdcc_program_startup:
      000003 02r00r1B         [24]  302 	ljmp	_main
                                    303 ;	return from main will return to caller
                                    304 ;--------------------------------------------------------
                                    305 ; code
                                    306 ;--------------------------------------------------------
                                    307 	.area CSEG    (CODE)
                                    308 ;------------------------------------------------------------
                                    309 ;Allocation info for local variables in function 'delay'
                                    310 ;------------------------------------------------------------
                                    311 ;milli                     Allocated to registers 
                                    312 ;------------------------------------------------------------
                                    313 ;	main.c:10: void delay(int milli){
                                    314 ;	-----------------------------------------
                                    315 ;	 function delay
                                    316 ;	-----------------------------------------
      000000                        317 _delay:
                           000007   318 	ar7 = 0x07
                           000006   319 	ar6 = 0x06
                           000005   320 	ar5 = 0x05
                           000004   321 	ar4 = 0x04
                           000003   322 	ar3 = 0x03
                           000002   323 	ar2 = 0x02
                           000001   324 	ar1 = 0x01
                           000000   325 	ar0 = 0x00
      000000 AE 82            [24]  326 	mov	r6,dpl
      000002 AF 83            [24]  327 	mov	r7,dph
                                    328 ;	main.c:11: while(milli--);
      000004                        329 00101$:
      000004 8E 04            [24]  330 	mov	ar4,r6
      000006 8F 05            [24]  331 	mov	ar5,r7
      000008 1E               [12]  332 	dec	r6
      000009 BE FF 01         [24]  333 	cjne	r6,#0xff,00111$
      00000C 1F               [12]  334 	dec	r7
      00000D                        335 00111$:
      00000D EC               [12]  336 	mov	a,r4
      00000E 4D               [12]  337 	orl	a,r5
      00000F 70 F3            [24]  338 	jnz	00101$
                                    339 ;	main.c:12: }
      000011 22               [24]  340 	ret
                                    341 ;------------------------------------------------------------
                                    342 ;Allocation info for local variables in function 'down'
                                    343 ;------------------------------------------------------------
                                    344 ;	main.c:14: void down(){
                                    345 ;	-----------------------------------------
                                    346 ;	 function down
                                    347 ;	-----------------------------------------
      000012                        348 _down:
                                    349 ;	main.c:15: S1=0;S2=0;S3=0;S4=0;
                                    350 ;	assignBit
      000012 C2 90            [12]  351 	clr	_P1_0
                                    352 ;	assignBit
      000014 C2 91            [12]  353 	clr	_P1_1
                                    354 ;	assignBit
      000016 C2 92            [12]  355 	clr	_P1_2
                                    356 ;	assignBit
      000018 C2 93            [12]  357 	clr	_P1_3
                                    358 ;	main.c:16: }
      00001A 22               [24]  359 	ret
                                    360 ;------------------------------------------------------------
                                    361 ;Allocation info for local variables in function 'main'
                                    362 ;------------------------------------------------------------
                                    363 ;	main.c:18: void main(){
                                    364 ;	-----------------------------------------
                                    365 ;	 function main
                                    366 ;	-----------------------------------------
      00001B                        367 _main:
                                    368 ;	main.c:19: down();
      00001B 12r00r12         [24]  369 	lcall	_down
                                    370 ;	main.c:20: while(1){
      00001E                        371 00102$:
                                    372 ;	main.c:21: S1=1;
                                    373 ;	assignBit
      00001E D2 90            [12]  374 	setb	_P1_0
                                    375 ;	main.c:22: A0=1;A1=0;A2=0;
                                    376 ;	assignBit
      000020 D2 80            [12]  377 	setb	_P0_0
                                    378 ;	assignBit
      000022 C2 81            [12]  379 	clr	_P0_1
                                    380 ;	assignBit
      000024 C2 82            [12]  381 	clr	_P0_2
                                    382 ;	main.c:23: delay(100);
      000026 90 00 64         [24]  383 	mov	dptr,#0x0064
      000029 12r00r00         [24]  384 	lcall	_delay
                                    385 ;	main.c:24: A0=0;A1=1;A2=0;
                                    386 ;	assignBit
      00002C C2 80            [12]  387 	clr	_P0_0
                                    388 ;	assignBit
      00002E D2 81            [12]  389 	setb	_P0_1
                                    390 ;	assignBit
      000030 C2 82            [12]  391 	clr	_P0_2
                                    392 ;	main.c:25: delay(100);
      000032 90 00 64         [24]  393 	mov	dptr,#0x0064
      000035 12r00r00         [24]  394 	lcall	_delay
                                    395 ;	main.c:26: S1=0;
                                    396 ;	assignBit
      000038 C2 90            [12]  397 	clr	_P1_0
                                    398 ;	main.c:27: S2=1;
                                    399 ;	assignBit
      00003A D2 91            [12]  400 	setb	_P1_1
                                    401 ;	main.c:28: A0=0;A1=0;A2=0;
                                    402 ;	assignBit
      00003C C2 80            [12]  403 	clr	_P0_0
                                    404 ;	assignBit
      00003E C2 81            [12]  405 	clr	_P0_1
                                    406 ;	assignBit
      000040 C2 82            [12]  407 	clr	_P0_2
                                    408 ;	main.c:29: delay(100);
      000042 90 00 64         [24]  409 	mov	dptr,#0x0064
      000045 12r00r00         [24]  410 	lcall	_delay
                                    411 ;	main.c:30: A0=1;A1=0;A2=0;
                                    412 ;	assignBit
      000048 D2 80            [12]  413 	setb	_P0_0
                                    414 ;	assignBit
      00004A C2 81            [12]  415 	clr	_P0_1
                                    416 ;	assignBit
      00004C C2 82            [12]  417 	clr	_P0_2
                                    418 ;	main.c:31: delay(100);
      00004E 90 00 64         [24]  419 	mov	dptr,#0x0064
      000051 12r00r00         [24]  420 	lcall	_delay
                                    421 ;	main.c:32: A0=1;A1=1;A2=0;
                                    422 ;	assignBit
      000054 D2 80            [12]  423 	setb	_P0_0
                                    424 ;	assignBit
      000056 D2 81            [12]  425 	setb	_P0_1
                                    426 ;	assignBit
      000058 C2 82            [12]  427 	clr	_P0_2
                                    428 ;	main.c:33: delay(100);
      00005A 90 00 64         [24]  429 	mov	dptr,#0x0064
      00005D 12r00r00         [24]  430 	lcall	_delay
                                    431 ;	main.c:34: A0=0;A1=0;A2=1;
                                    432 ;	assignBit
      000060 C2 80            [12]  433 	clr	_P0_0
                                    434 ;	assignBit
      000062 C2 81            [12]  435 	clr	_P0_1
                                    436 ;	assignBit
      000064 D2 82            [12]  437 	setb	_P0_2
                                    438 ;	main.c:35: delay(100);
      000066 90 00 64         [24]  439 	mov	dptr,#0x0064
      000069 12r00r00         [24]  440 	lcall	_delay
                                    441 ;	main.c:36: A0=0;A1=1;A2=1;
                                    442 ;	assignBit
      00006C C2 80            [12]  443 	clr	_P0_0
                                    444 ;	assignBit
      00006E D2 81            [12]  445 	setb	_P0_1
                                    446 ;	assignBit
      000070 D2 82            [12]  447 	setb	_P0_2
                                    448 ;	main.c:37: delay(100);
      000072 90 00 64         [24]  449 	mov	dptr,#0x0064
      000075 12r00r00         [24]  450 	lcall	_delay
                                    451 ;	main.c:38: S2=0;
                                    452 ;	assignBit
      000078 C2 91            [12]  453 	clr	_P1_1
                                    454 ;	main.c:39: S3=1;
                                    455 ;	assignBit
      00007A D2 92            [12]  456 	setb	_P1_2
                                    457 ;	main.c:40: A0=1;A1=1;A2=1;
                                    458 ;	assignBit
      00007C D2 80            [12]  459 	setb	_P0_0
                                    460 ;	assignBit
      00007E D2 81            [12]  461 	setb	_P0_1
                                    462 ;	assignBit
      000080 D2 82            [12]  463 	setb	_P0_2
                                    464 ;	main.c:41: delay(100);
      000082 90 00 64         [24]  465 	mov	dptr,#0x0064
      000085 12r00r00         [24]  466 	lcall	_delay
                                    467 ;	main.c:42: S3=0;
                                    468 ;	assignBit
      000088 C2 92            [12]  469 	clr	_P1_2
                                    470 ;	main.c:43: S4=1;
                                    471 ;	assignBit
      00008A D2 93            [12]  472 	setb	_P1_3
                                    473 ;	main.c:44: A0=0;A1=0;A2=0;
                                    474 ;	assignBit
      00008C C2 80            [12]  475 	clr	_P0_0
                                    476 ;	assignBit
      00008E C2 81            [12]  477 	clr	_P0_1
                                    478 ;	assignBit
      000090 C2 82            [12]  479 	clr	_P0_2
                                    480 ;	main.c:45: delay(100);
      000092 90 00 64         [24]  481 	mov	dptr,#0x0064
      000095 12r00r00         [24]  482 	lcall	_delay
                                    483 ;	main.c:46: A0=1;A1=0;A2=0;
                                    484 ;	assignBit
      000098 D2 80            [12]  485 	setb	_P0_0
                                    486 ;	assignBit
      00009A C2 81            [12]  487 	clr	_P0_1
                                    488 ;	assignBit
      00009C C2 82            [12]  489 	clr	_P0_2
                                    490 ;	main.c:47: delay(100);
      00009E 90 00 64         [24]  491 	mov	dptr,#0x0064
      0000A1 12r00r00         [24]  492 	lcall	_delay
                                    493 ;	main.c:48: A0=0;A1=1;A2=0;
                                    494 ;	assignBit
      0000A4 C2 80            [12]  495 	clr	_P0_0
                                    496 ;	assignBit
      0000A6 D2 81            [12]  497 	setb	_P0_1
                                    498 ;	assignBit
      0000A8 C2 82            [12]  499 	clr	_P0_2
                                    500 ;	main.c:49: delay(100);
      0000AA 90 00 64         [24]  501 	mov	dptr,#0x0064
      0000AD 12r00r00         [24]  502 	lcall	_delay
                                    503 ;	main.c:50: S4=0;
                                    504 ;	assignBit
      0000B0 C2 93            [12]  505 	clr	_P1_3
                                    506 ;	main.c:52: }
      0000B2 02r00r1E         [24]  507 	ljmp	00102$
                                    508 	.area CSEG    (CODE)
                                    509 	.area CONST   (CODE)
                                    510 	.area XINIT   (CODE)
                                    511 	.area CABS    (ABS,CODE)
